[debug] [2025-03-27T11:57:26.420Z] ----------------------------------------------------------------------
[debug] [2025-03-27T11:57:26.424Z] Command:       C:\Program Files\nodejs\node.exe C:\Users\Diak\AppData\Roaming\npm\node_modules\firebase-tools\lib\bin\firebase.js emulators:start --only functions
[debug] [2025-03-27T11:57:26.424Z] CLI Version:   13.30.0
[debug] [2025-03-27T11:57:26.425Z] Platform:      win32
[debug] [2025-03-27T11:57:26.425Z] Node Version:  v20.17.0
[debug] [2025-03-27T11:57:26.425Z] Time:          Thu Mar 27 2025 12:57:26 GMT+0100 (közép-európai téli idő)
[debug] [2025-03-27T11:57:26.425Z] ----------------------------------------------------------------------
[debug] 
[debug] [2025-03-27T11:57:26.430Z] >>> [apiv2][query] GET https://firebase-public.firebaseio.com/cli.json [none]
[debug] [2025-03-27T11:57:26.895Z] > command requires scopes: ["email","openid","https://www.googleapis.com/auth/cloudplatformprojects.readonly","https://www.googleapis.com/auth/firebase","https://www.googleapis.com/auth/cloud-platform"]
[debug] [2025-03-27T11:57:26.895Z] > authorizing via signed-in user (onodiandras0521@gmail.com)
[info] i  emulators: Starting emulators: functions {"metadata":{"emulator":{"name":"hub"},"message":"Starting emulators: functions"}}
[debug] [2025-03-27T11:57:26.911Z] [logging] Logging Emulator only supports listening on one address (127.0.0.1). Not listening on ::1
[debug] [2025-03-27T11:57:26.911Z] assigned listening specs for emulators {"user":{"hub":[{"address":"127.0.0.1","family":"IPv4","port":4400},{"address":"::1","family":"IPv6","port":4400}],"ui":[{"address":"127.0.0.1","family":"IPv4","port":4000},{"address":"::1","family":"IPv6","port":4000}],"logging":[{"address":"127.0.0.1","family":"IPv4","port":4500}]},"metadata":{"message":"assigned listening specs for emulators"}}
[debug] [2025-03-27T11:57:26.932Z] [hub] writing locator at C:\Users\Diak\AppData\Local\Temp\hub-ijasz-csata.json
[debug] [2025-03-27T11:57:26.980Z] [functions] Functions Emulator only supports listening on one address (127.0.0.1). Not listening on ::1
[debug] [2025-03-27T11:57:26.981Z] [eventarc] Eventarc Emulator only supports listening on one address (127.0.0.1). Not listening on ::1
[debug] [2025-03-27T11:57:26.981Z] [tasks] Cloud Tasks Emulator only supports listening on one address (127.0.0.1). Not listening on ::1
[debug] [2025-03-27T11:57:26.981Z] late-assigned ports for functions and eventarc emulators {"user":{"hub":[{"address":"127.0.0.1","family":"IPv4","port":4400},{"address":"::1","family":"IPv6","port":4400}],"ui":[{"address":"127.0.0.1","family":"IPv4","port":4000},{"address":"::1","family":"IPv6","port":4000}],"logging":[{"address":"127.0.0.1","family":"IPv4","port":4500}],"functions":[{"address":"127.0.0.1","family":"IPv4","port":5001}],"eventarc":[{"address":"127.0.0.1","family":"IPv4","port":9299}],"tasks":[{"address":"127.0.0.1","family":"IPv4","port":9499}]},"metadata":{"message":"late-assigned ports for functions and eventarc emulators"}}
[warn] !  functions: The following emulators are not running, calls to these services from the Functions emulator will affect production: apphosting, auth, firestore, database, hosting, pubsub, storage, dataconnect {"metadata":{"emulator":{"name":"functions"},"message":"The following emulators are not running, calls to these services from the Functions emulator will affect production: \u001b[1mapphosting, auth, firestore, database, hosting, pubsub, storage, dataconnect\u001b[22m"}}
[debug] [2025-03-27T11:57:26.990Z] defaultcredentials: writing to file C:\Users\Diak\AppData\Roaming\firebase\onodiandras0521_gmail_com_application_default_credentials.json
[debug] [2025-03-27T11:57:27.001Z] Setting GAC to C:\Users\Diak\AppData\Roaming\firebase\onodiandras0521_gmail_com_application_default_credentials.json {"metadata":{"emulator":{"name":"functions"},"message":"Setting GAC to C:\\Users\\Diak\\AppData\\Roaming\\firebase\\onodiandras0521_gmail_com_application_default_credentials.json"}}
[debug] [2025-03-27T11:57:27.003Z] Checked if tokens are valid: false, expires at: 1742823251270
[debug] [2025-03-27T11:57:27.003Z] Checked if tokens are valid: false, expires at: 1742823251270
[debug] [2025-03-27T11:57:27.004Z] > refreshing access token with scopes: []
[debug] [2025-03-27T11:57:27.005Z] >>> [apiv2][query] POST https://www.googleapis.com/oauth2/v3/token [none]
[debug] [2025-03-27T11:57:27.005Z] >>> [apiv2][body] POST https://www.googleapis.com/oauth2/v3/token [omitted]
[debug] [2025-03-27T11:57:27.100Z] <<< [apiv2][status] POST https://www.googleapis.com/oauth2/v3/token 200
[debug] [2025-03-27T11:57:27.100Z] <<< [apiv2][body] POST https://www.googleapis.com/oauth2/v3/token [omitted]
[debug] [2025-03-27T11:57:27.109Z] >>> [apiv2][query] GET https://firebase.googleapis.com/v1beta1/projects/ijasz-csata/adminSdkConfig [none]
[debug] [2025-03-27T11:57:27.220Z] <<< [apiv2][status] GET https://firebase-public.firebaseio.com/cli.json 200
[debug] [2025-03-27T11:57:27.221Z] <<< [apiv2][body] GET https://firebase-public.firebaseio.com/cli.json {"cloudBuildErrorAfter":1594252800000,"cloudBuildWarnAfter":1590019200000,"defaultNode10After":1594252800000,"minVersion":"3.0.5","node8DeploysDisabledAfter":1613390400000,"node8RuntimeDisabledAfter":1615809600000,"node8WarnAfter":1600128000000}
[debug] [2025-03-27T11:57:27.414Z] <<< [apiv2][status] GET https://firebase.googleapis.com/v1beta1/projects/ijasz-csata/adminSdkConfig 200
[debug] [2025-03-27T11:57:27.414Z] <<< [apiv2][body] GET https://firebase.googleapis.com/v1beta1/projects/ijasz-csata/adminSdkConfig {"projectId":"ijasz-csata","databaseURL":"https://ijasz-csata-default-rtdb.europe-west1.firebasedatabase.app","storageBucket":"ijasz-csata.firebasestorage.app"}
[info] i  functions: Watching "C:\Users\Diak\dev\opa\sajat\Archer\functions" for Cloud Functions... {"metadata":{"emulator":{"name":"functions"},"message":"Watching \"C:\\Users\\Diak\\dev\\opa\\sajat\\Archer\\functions\" for Cloud Functions..."}}
[debug] [2025-03-27T11:57:27.457Z] Validating nodejs source
[warn] !  functions: package.json indicates an outdated version of firebase-functions. Please upgrade using npm install --save firebase-functions@latest in your functions directory. 
[debug] [2025-03-27T11:57:29.228Z] > [functions] package.json contents: {
  "name": "functions",
  "description": "Cloud Functions for Firebase",
  "scripts": {
    "serve": "firebase emulators:start --only functions",
    "shell": "firebase functions:shell",
    "start": "npm run shell",
    "deploy": "firebase deploy --only functions",
    "logs": "firebase functions:log"
  },
  "engines": {
    "node": "20"
  },
  "main": "index.js",
  "dependencies": {
    "body-parser": "^1.20.3",
    "cors": "^2.8.5",
    "express": "^4.21.1",
    "firebase-admin": "^12.7.0",
    "firebase-functions": "^6.1.2",
    "functions": "file:"
  },
  "devDependencies": {
    "firebase-functions-test": "^3.1.0"
  },
  "private": true
}
[debug] [2025-03-27T11:57:29.228Z] Building nodejs source
[debug] [2025-03-27T11:57:29.229Z] Failed to find version of module node: reached end of search path C:\Users\Diak\dev\opa\sajat\Archer\functions\node_modules
[info] +  functions: Using node@20 from host. 
[debug] [2025-03-27T11:57:29.233Z] Could not find functions.yaml. Must use http discovery
[debug] [2025-03-27T11:57:29.244Z] Found firebase-functions binary at 'C:\Users\Diak\dev\opa\sajat\Archer\functions\node_modules\.bin\firebase-functions'
[info] Serving at port 8079

[debug] [2025-03-27T11:57:30.305Z] Got response from /__/functions.yaml {"endpoints":{"api":{"availableMemoryMb":null,"timeoutSeconds":null,"minInstances":null,"maxInstances":null,"ingressSettings":null,"concurrency":null,"serviceAccountEmail":null,"vpc":null,"platform":"gcfv2","labels":{},"httpsTrigger":{},"entryPoint":"api"}},"specVersion":"v1alpha1","requiredAPIs":[],"extensions":{}}
[info] +  functions: Loaded functions definitions from source: api. {"metadata":{"emulator":{"name":"functions"},"message":"Loaded functions definitions from source: api."}}
[info] +  functions[us-central1-api]: http function initialized (http://127.0.0.1:5001/ijasz-csata/us-central1/api). {"metadata":{"emulator":{"name":"functions"},"message":"\u001b[1mhttp\u001b[22m function initialized (http://127.0.0.1:5001/ijasz-csata/us-central1/api)."}}
[debug] [2025-03-27T11:57:35.359Z] Could not find VSCode notification endpoint: FetchError: request to http://localhost:40001/vscode/notify failed, reason: . If you are not running the Firebase Data Connect VSCode extension, this is expected and not an issue.
[info] 
┌─────────────────────────────────────────────────────────────┐
│ ✔  All emulators ready! It is now safe to connect your app. │
│ i  View Emulator UI at http://127.0.0.1:4000/               │
└─────────────────────────────────────────────────────────────┘

┌───────────┬────────────────┬─────────────────────────────────┐
│ Emulator  │ Host:Port      │ View in Emulator UI             │
├───────────┼────────────────┼─────────────────────────────────┤
│ Functions │ 127.0.0.1:5001 │ http://127.0.0.1:4000/functions │
└───────────┴────────────────┴─────────────────────────────────┘
  Emulator Hub running at 127.0.0.1:4400
  Other reserved ports: 4500

Issues? Report them at https://github.com/firebase/firebase-tools/issues and attach the *-debug.log files.
 
[debug] [2025-03-27T11:58:17.928Z] [work-queue] {"queuedWork":["/ijasz-csata/us-central1/api/getClaims/ykvH5rHOgIhpuSH9L5oBwSLXPDv1-2025-03-27T11:58:17.927Z"],"queueLength":1,"runningWork":[],"workRunningCount":0}
[debug] [2025-03-27T11:58:17.928Z] [work-queue] {"queuedWork":[],"queueLength":0,"runningWork":["/ijasz-csata/us-central1/api/getClaims/ykvH5rHOgIhpuSH9L5oBwSLXPDv1-2025-03-27T11:58:17.927Z"],"workRunningCount":1}
[debug] [2025-03-27T11:58:17.929Z] Accepted request OPTIONS /ijasz-csata/us-central1/api/getClaims/ykvH5rHOgIhpuSH9L5oBwSLXPDv1 --> us-central1-api
[debug] [2025-03-27T11:58:17.933Z] [functions] Runtime ready! Sending request! {"metadata":{"emulator":{"name":"functions"},"message":"[functions] Runtime ready! Sending request!"}}
[debug] [2025-03-27T11:58:17.934Z] [functions] Got req.url=/ijasz-csata/us-central1/api/getClaims/ykvH5rHOgIhpuSH9L5oBwSLXPDv1, mapping to path=/getClaims/ykvH5rHOgIhpuSH9L5oBwSLXPDv1 {"metadata":{"emulator":{"name":"functions"},"message":"[functions] Got req.url=/ijasz-csata/us-central1/api/getClaims/ykvH5rHOgIhpuSH9L5oBwSLXPDv1, mapping to path=/getClaims/ykvH5rHOgIhpuSH9L5oBwSLXPDv1"}}
[debug] [2025-03-27T11:58:17.947Z] [worker-pool] addWorker(us-central1-api) {"metadata":{"emulator":{"name":"functions"},"message":"[worker-pool] addWorker(us-central1-api)"}}
[debug] [2025-03-27T11:58:17.947Z] [worker-pool] Adding worker with key us-central1-api, total=1 {"metadata":{"emulator":{"name":"functions"},"message":"[worker-pool] Adding worker with key us-central1-api, total=1"}}
[debug] [2025-03-27T11:58:19.683Z] [runtime-status] [10488] Resolved module firebase-admin {"declared":true,"installed":true,"version":"12.7.0","resolution":"C:\\Users\\Diak\\dev\\opa\\sajat\\Archer\\functions\\node_modules\\firebase-admin\\lib\\index.js"} {"metadata":{"emulator":{"name":"functions"},"function":{"name":"us-central1-api"},"extension":{},"message":"[runtime-status] [10488] Resolved module firebase-admin {\"declared\":true,\"installed\":true,\"version\":\"12.7.0\",\"resolution\":\"C:\\\\Users\\\\Diak\\\\dev\\\\opa\\\\sajat\\\\Archer\\\\functions\\\\node_modules\\\\firebase-admin\\\\lib\\\\index.js\"}"}}
[debug] [2025-03-27T11:58:19.684Z] [runtime-status] [10488] Resolved module firebase-functions {"declared":true,"installed":true,"version":"6.1.2","resolution":"C:\\Users\\Diak\\dev\\opa\\sajat\\Archer\\functions\\node_modules\\firebase-functions\\lib\\v2\\index.js"} {"metadata":{"emulator":{"name":"functions"},"function":{"name":"us-central1-api"},"extension":{},"message":"[runtime-status] [10488] Resolved module firebase-functions {\"declared\":true,\"installed\":true,\"version\":\"6.1.2\",\"resolution\":\"C:\\\\Users\\\\Diak\\\\dev\\\\opa\\\\sajat\\\\Archer\\\\functions\\\\node_modules\\\\firebase-functions\\\\lib\\\\v2\\\\index.js\"}"}}
[debug] [2025-03-27T11:58:19.685Z] [runtime-status] [10488] Outgoing network have been stubbed. [{"name":"http","status":"mocked"},{"name":"http","status":"mocked"},{"name":"https","status":"mocked"},{"name":"https","status":"mocked"},{"name":"net","status":"mocked"}] {"metadata":{"emulator":{"name":"functions"},"function":{"name":"us-central1-api"},"extension":{},"message":"[runtime-status] [10488] Outgoing network have been stubbed. [{\"name\":\"http\",\"status\":\"mocked\"},{\"name\":\"http\",\"status\":\"mocked\"},{\"name\":\"https\",\"status\":\"mocked\"},{\"name\":\"https\",\"status\":\"mocked\"},{\"name\":\"net\",\"status\":\"mocked\"}]"}}
[debug] [2025-03-27T11:58:19.688Z] [runtime-status] [10488] Resolved module firebase-functions {"declared":true,"installed":true,"version":"6.1.2","resolution":"C:\\Users\\Diak\\dev\\opa\\sajat\\Archer\\functions\\node_modules\\firebase-functions\\lib\\v2\\index.js"} {"metadata":{"emulator":{"name":"functions"},"function":{"name":"us-central1-api"},"extension":{},"message":"[runtime-status] [10488] Resolved module firebase-functions {\"declared\":true,\"installed\":true,\"version\":\"6.1.2\",\"resolution\":\"C:\\\\Users\\\\Diak\\\\dev\\\\opa\\\\sajat\\\\Archer\\\\functions\\\\node_modules\\\\firebase-functions\\\\lib\\\\v2\\\\index.js\"}"}}
[debug] [2025-03-27T11:58:20.268Z] [runtime-status] [10488] Checked functions.config() {"config":{}} {"metadata":{"emulator":{"name":"functions"},"function":{"name":"us-central1-api"},"extension":{},"message":"[runtime-status] [10488] Checked functions.config() {\"config\":{}}"}}
[debug] [2025-03-27T11:58:20.268Z] [runtime-status] [10488] firebase-functions has been stubbed. {"functionsResolution":{"declared":true,"installed":true,"version":"6.1.2","resolution":"C:\\Users\\Diak\\dev\\opa\\sajat\\Archer\\functions\\node_modules\\firebase-functions\\lib\\v2\\index.js"}} {"metadata":{"emulator":{"name":"functions"},"function":{"name":"us-central1-api"},"extension":{},"message":"[runtime-status] [10488] firebase-functions has been stubbed. {\"functionsResolution\":{\"declared\":true,\"installed\":true,\"version\":\"6.1.2\",\"resolution\":\"C:\\\\Users\\\\Diak\\\\dev\\\\opa\\\\sajat\\\\Archer\\\\functions\\\\node_modules\\\\firebase-functions\\\\lib\\\\v2\\\\index.js\"}}"}}
[debug] [2025-03-27T11:58:20.270Z] [runtime-status] [10488] Resolved module firebase-functions {"declared":true,"installed":true,"version":"6.1.2","resolution":"C:\\Users\\Diak\\dev\\opa\\sajat\\Archer\\functions\\node_modules\\firebase-functions\\lib\\v2\\index.js"} {"metadata":{"emulator":{"name":"functions"},"function":{"name":"us-central1-api"},"extension":{},"message":"[runtime-status] [10488] Resolved module firebase-functions {\"declared\":true,\"installed\":true,\"version\":\"6.1.2\",\"resolution\":\"C:\\\\Users\\\\Diak\\\\dev\\\\opa\\\\sajat\\\\Archer\\\\functions\\\\node_modules\\\\firebase-functions\\\\lib\\\\v2\\\\index.js\"}"}}
[debug] [2025-03-27T11:58:20.278Z] [runtime-status] [10488] Resolved module firebase-admin {"declared":true,"installed":true,"version":"12.7.0","resolution":"C:\\Users\\Diak\\dev\\opa\\sajat\\Archer\\functions\\node_modules\\firebase-admin\\lib\\index.js"} {"metadata":{"emulator":{"name":"functions"},"function":{"name":"us-central1-api"},"extension":{},"message":"[runtime-status] [10488] Resolved module firebase-admin {\"declared\":true,\"installed\":true,\"version\":\"12.7.0\",\"resolution\":\"C:\\\\Users\\\\Diak\\\\dev\\\\opa\\\\sajat\\\\Archer\\\\functions\\\\node_modules\\\\firebase-admin\\\\lib\\\\index.js\"}"}}
[debug] [2025-03-27T11:58:20.281Z] [runtime-status] [10488] Resolved module firebase-functions {"declared":true,"installed":true,"version":"6.1.2","resolution":"C:\\Users\\Diak\\dev\\opa\\sajat\\Archer\\functions\\node_modules\\firebase-functions\\lib\\v2\\index.js"} {"metadata":{"emulator":{"name":"functions"},"function":{"name":"us-central1-api"},"extension":{},"message":"[runtime-status] [10488] Resolved module firebase-functions {\"declared\":true,\"installed\":true,\"version\":\"6.1.2\",\"resolution\":\"C:\\\\Users\\\\Diak\\\\dev\\\\opa\\\\sajat\\\\Archer\\\\functions\\\\node_modules\\\\firebase-functions\\\\lib\\\\v2\\\\index.js\"}"}}
[debug] [2025-03-27T11:58:20.282Z] [runtime-status] [10488] firebase-admin has been stubbed. {"adminResolution":{"declared":true,"installed":true,"version":"12.7.0","resolution":"C:\\Users\\Diak\\dev\\opa\\sajat\\Archer\\functions\\node_modules\\firebase-admin\\lib\\index.js"}} {"metadata":{"emulator":{"name":"functions"},"function":{"name":"us-central1-api"},"extension":{},"message":"[runtime-status] [10488] firebase-admin has been stubbed. {\"adminResolution\":{\"declared\":true,\"installed\":true,\"version\":\"12.7.0\",\"resolution\":\"C:\\\\Users\\\\Diak\\\\dev\\\\opa\\\\sajat\\\\Archer\\\\functions\\\\node_modules\\\\firebase-admin\\\\lib\\\\index.js\"}}"}}
[debug] [2025-03-27T11:58:20.515Z] [runtime-status] [10488] initializeApp(DEFAULT) {"credential":{"implicit":false,"projectId":"ijasz-csata","privateKey":"-----BEGIN PRIVATE KEY-----\nMIIEvAIBADANBgkqhkiG9w0BAQEFAASCBKYwggSiAgEAAoIBAQDQOeh3cw/JduIv\nng5dTVnT8zAPVnsokMkQcnMolKqGr8VrKQ69gMwetGtNcL1nNaSPyG81IEP39/jV\nAGMBT/62t1LpY9GINhbul4w1+aMIB1b1AZADkUgrl0udSbxt+tTaEhYH0XWS7WQf\nBjLi1TtLNP5y0k7mFy6j9txbK8eGjlpci5z+Gq1kXwYTO4Rq3XbH4FjuAg+lN7fz\nQ5lBiNV+/PubravEPqxbKvt1/JRZrzla3oftxOXDhyEpMUgLSIIpBOtckw1pi8i4\nIsaiWSQAJ2ItD+ZJDhafOIt3hHUdV6oWKBS/jsHtsjP6wHvYVYAov2rgK+vBxMIY\nreMq6x1TAgMBAAECggEAXW82pG7hjR3G5eYO/QfqAGTV0nQUZIH/bt1kVjfLgw9Z\nTzoHrroeHcMIiSHHI4pbEte2KwkU5q6DHhUD2AFswtFlJ2wOiAf5Z0tic4/We5JL\njzoJxMgKseC8YdJF9rXAkC/gadav4uOZ8x/lcoqLBja73IsJM08Asztg6pos+G+V\nJIXudGvqOsKEhAGn+qwnlRME/gwby4O5SVElG+p292DtLTeU4Wxk2cJ5rzXuP3A8\nKgju6AJwV7eMsL7fm2D0Qi4+di+hDo39XFc3oqz8ZxqsTo2+puQbv88WR0IGTfix\nk79TdqJR2bScA6OWgjfYRUU/LznqFCkk9Fe1tD89hQKBgQD7NrqKFEJTkMKhUI4D\nXWVSA9gaCbo3vKf+P32s96ogYenDK2grLK0rmxltrSD9vqLPQevu7F1XeXH3CFUP\nbGYLQkPcUU6dhQjCKHhUGMxLM1q+yNkR3X2T3XOJEpXvRHqbAe4EoD43Slmj4dsW\nLR5yknT+ZffNyjL5bGYZEXmzhwKBgQDUMYL2NYnby24fayG8pV7g9EEOPeVlns5R\nZlhDcfLGLWBp9Qq6Vp/t9NmffmwjuTQj1/iBNK8oa0ba4bziLfa6pzx1fzHMCCjS\ni1xBx7Isop8oi5DctfP68ClNSpUmVCOE1M0VldEfbZ4PNrO3BWuVx6dcjAW7lpdF\ng+dr+nzS1QKBgCoJy4eFwl+njtpd15X6kBT8bbJVxGLFYDtstoQ2YbLPj8XIQsNO\n05/Dcarn2Oh9eVNDjc7KoQgdW5PiQhG1qxHhQefhd01m0MNk8FXqXG2NJ3dbtu+F\naBlRap8ajBqhE/9SgFkn06F/AKcrCXWZkUnM9mUH/ULjvkn8+MzjHsGLAoGAGd6n\nbsj8M7XLiT0QceVfeeGNhOT68La5xKbLn/1mcc7acFCVrD4fZW1yksVg/cH4n14X\nR/laWX0quEjJNHISIJN/BXwqYAumnnSrHMHx8QsqiFDrqlzsj+1zu56aLIAZjHo9\nPqJzSnecy5IJuwiII0yiFOBlWodzjeAU+M8jJLkCgYAkO2kds2Hu7mJtliEvzO/Z\nrdf3K497nABxGJ50ACFXFPAIaaNC8Mdt2eA6vVRnNqzbgWmn3x3sxY7dVSEu/+3C\nZp9CDY3ib4galgjiysAdp9GpzJinWfnYrQqalstCR+nnLczGOC+05MAWSv1RjVe1\nxhmKb3WfaYzCylhDzJy0Yg==\n-----END PRIVATE KEY-----\n","clientEmail":"firebase-adminsdk-fbsvc@ijasz-csata.iam.gserviceaccount.com","httpClient":{"retry":{"maxRetries":4,"statusCodes":[503],"ioErrorCodes":["ECONNRESET","ETIMEDOUT"],"backOffFactor":0.5,"maxDelayInMillis":60000}}},"databaseURL":"https://ijasz-csata-default-rtdb.europe-west1.firebasedatabase.app"} {"metadata":{"emulator":{"name":"functions"},"function":{"name":"us-central1-api"},"extension":{},"message":"[runtime-status] [10488] initializeApp(DEFAULT) {\"credential\":{\"implicit\":false,\"projectId\":\"ijasz-csata\",\"privateKey\":\"-----BEGIN PRIVATE KEY-----\\nMIIEvAIBADANBgkqhkiG9w0BAQEFAASCBKYwggSiAgEAAoIBAQDQOeh3cw/JduIv\\nng5dTVnT8zAPVnsokMkQcnMolKqGr8VrKQ69gMwetGtNcL1nNaSPyG81IEP39/jV\\nAGMBT/62t1LpY9GINhbul4w1+aMIB1b1AZADkUgrl0udSbxt+tTaEhYH0XWS7WQf\\nBjLi1TtLNP5y0k7mFy6j9txbK8eGjlpci5z+Gq1kXwYTO4Rq3XbH4FjuAg+lN7fz\\nQ5lBiNV+/PubravEPqxbKvt1/JRZrzla3oftxOXDhyEpMUgLSIIpBOtckw1pi8i4\\nIsaiWSQAJ2ItD+ZJDhafOIt3hHUdV6oWKBS/jsHtsjP6wHvYVYAov2rgK+vBxMIY\\nreMq6x1TAgMBAAECggEAXW82pG7hjR3G5eYO/QfqAGTV0nQUZIH/bt1kVjfLgw9Z\\nTzoHrroeHcMIiSHHI4pbEte2KwkU5q6DHhUD2AFswtFlJ2wOiAf5Z0tic4/We5JL\\njzoJxMgKseC8YdJF9rXAkC/gadav4uOZ8x/lcoqLBja73IsJM08Asztg6pos+G+V\\nJIXudGvqOsKEhAGn+qwnlRME/gwby4O5SVElG+p292DtLTeU4Wxk2cJ5rzXuP3A8\\nKgju6AJwV7eMsL7fm2D0Qi4+di+hDo39XFc3oqz8ZxqsTo2+puQbv88WR0IGTfix\\nk79TdqJR2bScA6OWgjfYRUU/LznqFCkk9Fe1tD89hQKBgQD7NrqKFEJTkMKhUI4D\\nXWVSA9gaCbo3vKf+P32s96ogYenDK2grLK0rmxltrSD9vqLPQevu7F1XeXH3CFUP\\nbGYLQkPcUU6dhQjCKHhUGMxLM1q+yNkR3X2T3XOJEpXvRHqbAe4EoD43Slmj4dsW\\nLR5yknT+ZffNyjL5bGYZEXmzhwKBgQDUMYL2NYnby24fayG8pV7g9EEOPeVlns5R\\nZlhDcfLGLWBp9Qq6Vp/t9NmffmwjuTQj1/iBNK8oa0ba4bziLfa6pzx1fzHMCCjS\\ni1xBx7Isop8oi5DctfP68ClNSpUmVCOE1M0VldEfbZ4PNrO3BWuVx6dcjAW7lpdF\\ng+dr+nzS1QKBgCoJy4eFwl+njtpd15X6kBT8bbJVxGLFYDtstoQ2YbLPj8XIQsNO\\n05/Dcarn2Oh9eVNDjc7KoQgdW5PiQhG1qxHhQefhd01m0MNk8FXqXG2NJ3dbtu+F\\naBlRap8ajBqhE/9SgFkn06F/AKcrCXWZkUnM9mUH/ULjvkn8+MzjHsGLAoGAGd6n\\nbsj8M7XLiT0QceVfeeGNhOT68La5xKbLn/1mcc7acFCVrD4fZW1yksVg/cH4n14X\\nR/laWX0quEjJNHISIJN/BXwqYAumnnSrHMHx8QsqiFDrqlzsj+1zu56aLIAZjHo9\\nPqJzSnecy5IJuwiII0yiFOBlWodzjeAU+M8jJLkCgYAkO2kds2Hu7mJtliEvzO/Z\\nrdf3K497nABxGJ50ACFXFPAIaaNC8Mdt2eA6vVRnNqzbgWmn3x3sxY7dVSEu/+3C\\nZp9CDY3ib4galgjiysAdp9GpzJinWfnYrQqalstCR+nnLczGOC+05MAWSv1RjVe1\\nxhmKb3WfaYzCylhDzJy0Yg==\\n-----END PRIVATE KEY-----\\n\",\"clientEmail\":\"firebase-adminsdk-fbsvc@ijasz-csata.iam.gserviceaccount.com\",\"httpClient\":{\"retry\":{\"maxRetries\":4,\"statusCodes\":[503],\"ioErrorCodes\":[\"ECONNRESET\",\"ETIMEDOUT\"],\"backOffFactor\":0.5,\"maxDelayInMillis\":60000}}},\"databaseURL\":\"https://ijasz-csata-default-rtdb.europe-west1.firebasedatabase.app\"}"}}
[debug] [2025-03-27T11:58:20.524Z] [runtime-status] [10488] Functions runtime initialized. {"cwd":"C:\\Users\\Diak\\dev\\opa\\sajat\\Archer\\functions","node_version":"20.17.0"} {"metadata":{"emulator":{"name":"functions"},"function":{"name":"us-central1-api"},"extension":{},"message":"[runtime-status] [10488] Functions runtime initialized. {\"cwd\":\"C:\\\\Users\\\\Diak\\\\dev\\\\opa\\\\sajat\\\\Archer\\\\functions\",\"node_version\":\"20.17.0\"}"}}
[debug] [2025-03-27T11:58:20.525Z] [runtime-status] [10488] Listening to port: \\?\pipe\fire_emu_e5d589e44a34796b {"metadata":{"emulator":{"name":"functions"},"function":{"name":"us-central1-api"},"extension":{},"message":"[runtime-status] [10488] Listening to port: \\\\?\\pipe\\fire_emu_e5d589e44a34796b"}}
[debug] [2025-03-27T11:58:20.580Z] [worker-us-central1-api-3136e4fc-655f-4784-ac93-5f3498e53228]: IDLE {"metadata":{"emulator":{"name":"functions"},"function":{"name":"us-central1-api"},"extension":{},"message":"[worker-us-central1-api-3136e4fc-655f-4784-ac93-5f3498e53228]: IDLE"}}
[debug] [2025-03-27T11:58:20.580Z] [worker-pool] submitRequest(triggerId=us-central1-api) {"metadata":{"emulator":{"name":"functions"},"message":"[worker-pool] submitRequest(triggerId=us-central1-api)"}}
[info] i  functions: Beginning execution of "us-central1-api" {"metadata":{"emulator":{"name":"functions"},"function":{"name":"us-central1-api"},"extension":{},"message":"Beginning execution of \"us-central1-api\""}}
[debug] [2025-03-27T11:58:20.581Z] [worker-us-central1-api-3136e4fc-655f-4784-ac93-5f3498e53228]: BUSY {"metadata":{"emulator":{"name":"functions"},"function":{"name":"us-central1-api"},"extension":{},"message":"[worker-us-central1-api-3136e4fc-655f-4784-ac93-5f3498e53228]: BUSY"}}
[debug] [2025-03-27T11:58:20.587Z] Finishing up request with event=pause {"metadata":{"emulator":{"name":"functions"},"function":{"name":"us-central1-api"},"extension":{},"message":"Finishing up request with event=pause"}}
[info] i  functions: Finished "us-central1-api" in 6.1467ms {"metadata":{"emulator":{"name":"functions"},"function":{"name":"us-central1-api"},"extension":{},"message":"Finished \"us-central1-api\" in 6.1467ms"}}
[debug] [2025-03-27T11:58:20.588Z] [worker-us-central1-api-3136e4fc-655f-4784-ac93-5f3498e53228]: IDLE {"metadata":{"emulator":{"name":"functions"},"function":{"name":"us-central1-api"},"extension":{},"message":"[worker-us-central1-api-3136e4fc-655f-4784-ac93-5f3498e53228]: IDLE"}}
[debug] [2025-03-27T11:58:20.588Z] Finishing up request with event=finish {"metadata":{"emulator":{"name":"functions"},"function":{"name":"us-central1-api"},"extension":{},"message":"Finishing up request with event=finish"}}
[debug] [2025-03-27T11:58:20.588Z] Finishing up request with event=close {"metadata":{"emulator":{"name":"functions"},"function":{"name":"us-central1-api"},"extension":{},"message":"Finishing up request with event=close"}}
[debug] [2025-03-27T11:58:20.588Z] [work-queue] {"queuedWork":[],"queueLength":0,"runningWork":[],"workRunningCount":0}
[debug] [2025-03-27T11:58:20.589Z] [work-queue] {"queuedWork":["/ijasz-csata/us-central1/api/getClaims/ykvH5rHOgIhpuSH9L5oBwSLXPDv1-2025-03-27T11:58:20.589Z"],"queueLength":1,"runningWork":[],"workRunningCount":0}
[debug] [2025-03-27T11:58:20.590Z] [work-queue] {"queuedWork":[],"queueLength":0,"runningWork":["/ijasz-csata/us-central1/api/getClaims/ykvH5rHOgIhpuSH9L5oBwSLXPDv1-2025-03-27T11:58:20.589Z"],"workRunningCount":1}
[debug] [2025-03-27T11:58:20.590Z] Accepted request GET /ijasz-csata/us-central1/api/getClaims/ykvH5rHOgIhpuSH9L5oBwSLXPDv1 --> us-central1-api
[debug] [2025-03-27T11:58:20.590Z] [functions] Runtime ready! Sending request! {"metadata":{"emulator":{"name":"functions"},"message":"[functions] Runtime ready! Sending request!"}}
[debug] [2025-03-27T11:58:20.591Z] [functions] Got req.url=/ijasz-csata/us-central1/api/getClaims/ykvH5rHOgIhpuSH9L5oBwSLXPDv1, mapping to path=/getClaims/ykvH5rHOgIhpuSH9L5oBwSLXPDv1 {"metadata":{"emulator":{"name":"functions"},"message":"[functions] Got req.url=/ijasz-csata/us-central1/api/getClaims/ykvH5rHOgIhpuSH9L5oBwSLXPDv1, mapping to path=/getClaims/ykvH5rHOgIhpuSH9L5oBwSLXPDv1"}}
[debug] [2025-03-27T11:58:20.591Z] [worker-pool] submitRequest(triggerId=us-central1-api) {"metadata":{"emulator":{"name":"functions"},"message":"[worker-pool] submitRequest(triggerId=us-central1-api)"}}
[info] i  functions: Beginning execution of "us-central1-api" {"metadata":{"emulator":{"name":"functions"},"function":{"name":"us-central1-api"},"extension":{},"message":"Beginning execution of \"us-central1-api\""}}
[debug] [2025-03-27T11:58:20.592Z] [worker-us-central1-api-3136e4fc-655f-4784-ac93-5f3498e53228]: BUSY {"metadata":{"emulator":{"name":"functions"},"function":{"name":"us-central1-api"},"extension":{},"message":"[worker-us-central1-api-3136e4fc-655f-4784-ac93-5f3498e53228]: BUSY"}}
[warn] !  functions: The Firebase Authentication emulator is not running, so calls to Firebase Authentication will affect production. {"metadata":{"emulator":{"name":"functions"},"function":{"name":"us-central1-api"},"extension":{},"message":"The Firebase Authentication emulator is not running, so calls to Firebase Authentication will affect production."}}
[info] >  Hiba a claimsok lekérdezésénél!  FirebaseAppError: Credential implementation provided to initializeApp() via the "credential" property failed to fetch a valid Google OAuth2 access token with the following error: "Error fetching access token: invalid_grant (Invalid JWT Signature.)". There are two likely causes: (1) your server time is not properly synced or (2) your certificate key file has been revoked. To solve (1), re-sync the time on your server. To solve (2), make sure the key ID for your key file is still present at https://console.firebase.google.com/iam-admin/serviceaccounts/project. If not, generate a new key file at https://console.firebase.google.com/project/_/settings/serviceaccounts/adminsdk. {"user":"Hiba a claimsok lekérdezésénél!  FirebaseAppError: Credential implementation provided to initializeApp() via the \"credential\" property failed to fetch a valid Google OAuth2 access token with the following error: \"Error fetching access token: invalid_grant (Invalid JWT Signature.)\". There are two likely causes: (1) your server time is not properly synced or (2) your certificate key file has been revoked. To solve (1), re-sync the time on your server. To solve (2), make sure the key ID for your key file is still present at https://console.firebase.google.com/iam-admin/serviceaccounts/project. If not, generate a new key file at https://console.firebase.google.com/project/_/settings/serviceaccounts/adminsdk.","metadata":{"emulator":{"name":"functions"},"function":{"name":"us-central1-api"},"extension":{},"message":"\u001b[90m> \u001b[39m Hiba a claimsok lekérdezésénél!  FirebaseAppError: Credential implementation provided to initializeApp() via the \"credential\" property failed to fetch a valid Google OAuth2 access token with the following error: \"Error fetching access token: invalid_grant (Invalid JWT Signature.)\". There are two likely causes: (1) your server time is not properly synced or (2) your certificate key file has been revoked. To solve (1), re-sync the time on your server. To solve (2), make sure the key ID for your key file is still present at https://console.firebase.google.com/iam-admin/serviceaccounts/project. If not, generate a new key file at https://console.firebase.google.com/project/_/settings/serviceaccounts/adminsdk."}}
[info] >      at C:\Users\Diak\dev\opa\sajat\Archer\functions\node_modules\firebase-admin\lib\app\firebase-app.js:87:19 {"user":"    at C:\\Users\\Diak\\dev\\opa\\sajat\\Archer\\functions\\node_modules\\firebase-admin\\lib\\app\\firebase-app.js:87:19","metadata":{"emulator":{"name":"functions"},"function":{"name":"us-central1-api"},"extension":{},"message":"\u001b[90m> \u001b[39m     at C:\\Users\\Diak\\dev\\opa\\sajat\\Archer\\functions\\node_modules\\firebase-admin\\lib\\app\\firebase-app.js:87:19"}}
[info] >      at process.processTicksAndRejections (node:internal/process/task_queues:95:5) { {"user":"    at process.processTicksAndRejections (node:internal/process/task_queues:95:5) {","metadata":{"emulator":{"name":"functions"},"function":{"name":"us-central1-api"},"extension":{},"message":"\u001b[90m> \u001b[39m     at process.processTicksAndRejections (node:internal/process/task_queues:95:5) {"}}
[info] >    errorInfo: { {"user":"  errorInfo: {","metadata":{"emulator":{"name":"functions"},"function":{"name":"us-central1-api"},"extension":{},"message":"\u001b[90m> \u001b[39m   errorInfo: {"}}
[info] >      code: 'app/invalid-credential', {"user":"    code: 'app/invalid-credential',","metadata":{"emulator":{"name":"functions"},"function":{"name":"us-central1-api"},"extension":{},"message":"\u001b[90m> \u001b[39m     code: 'app/invalid-credential',"}}
[info] >      message: 'Credential implementation provided to initializeApp() via the "credential" property failed to fetch a valid Google OAuth2 access token with the following error: "Error fetching access token: invalid_grant (Invalid JWT Signature.)". There are two likely causes: (1) your server time is not properly synced or (2) your certificate key file has been revoked. To solve (1), re-sync the time on your server. To solve (2), make sure the key ID for your key file is still present at https://console.firebase.google.com/iam-admin/serviceaccounts/project. If not, generate a new key file at https://console.firebase.google.com/project/_/settings/serviceaccounts/adminsdk.' {"user":"    message: 'Credential implementation provided to initializeApp() via the \"credential\" property failed to fetch a valid Google OAuth2 access token with the following error: \"Error fetching access token: invalid_grant (Invalid JWT Signature.)\". There are two likely causes: (1) your server time is not properly synced or (2) your certificate key file has been revoked. To solve (1), re-sync the time on your server. To solve (2), make sure the key ID for your key file is still present at https://console.firebase.google.com/iam-admin/serviceaccounts/project. If not, generate a new key file at https://console.firebase.google.com/project/_/settings/serviceaccounts/adminsdk.'","metadata":{"emulator":{"name":"functions"},"function":{"name":"us-central1-api"},"extension":{},"message":"\u001b[90m> \u001b[39m     message: 'Credential implementation provided to initializeApp() via the \"credential\" property failed to fetch a valid Google OAuth2 access token with the following error: \"Error fetching access token: invalid_grant (Invalid JWT Signature.)\". There are two likely causes: (1) your server time is not properly synced or (2) your certificate key file has been revoked. To solve (1), re-sync the time on your server. To solve (2), make sure the key ID for your key file is still present at https://console.firebase.google.com/iam-admin/serviceaccounts/project. If not, generate a new key file at https://console.firebase.google.com/project/_/settings/serviceaccounts/adminsdk.'"}}
[info] >    }, {"user":"  },","metadata":{"emulator":{"name":"functions"},"function":{"name":"us-central1-api"},"extension":{},"message":"\u001b[90m> \u001b[39m   },"}}
[info] >    codePrefix: 'app' {"user":"  codePrefix: 'app'","metadata":{"emulator":{"name":"functions"},"function":{"name":"us-central1-api"},"extension":{},"message":"\u001b[90m> \u001b[39m   codePrefix: 'app'"}}
[info] >  } {"user":"}","metadata":{"emulator":{"name":"functions"},"function":{"name":"us-central1-api"},"extension":{},"message":"\u001b[90m> \u001b[39m }"}}
[debug] [2025-03-27T11:58:20.813Z] Finishing up request with event=pause {"metadata":{"emulator":{"name":"functions"},"function":{"name":"us-central1-api"},"extension":{},"message":"Finishing up request with event=pause"}}
[info] i  functions: Finished "us-central1-api" in 221.3681ms {"metadata":{"emulator":{"name":"functions"},"function":{"name":"us-central1-api"},"extension":{},"message":"Finished \"us-central1-api\" in 221.3681ms"}}
[debug] [2025-03-27T11:58:20.814Z] [worker-us-central1-api-3136e4fc-655f-4784-ac93-5f3498e53228]: IDLE {"metadata":{"emulator":{"name":"functions"},"function":{"name":"us-central1-api"},"extension":{},"message":"[worker-us-central1-api-3136e4fc-655f-4784-ac93-5f3498e53228]: IDLE"}}
[debug] [2025-03-27T11:58:20.814Z] Finishing up request with event=finish {"metadata":{"emulator":{"name":"functions"},"function":{"name":"us-central1-api"},"extension":{},"message":"Finishing up request with event=finish"}}
[debug] [2025-03-27T11:58:20.814Z] Finishing up request with event=close {"metadata":{"emulator":{"name":"functions"},"function":{"name":"us-central1-api"},"extension":{},"message":"Finishing up request with event=close"}}
[debug] [2025-03-27T11:58:20.815Z] [work-queue] {"queuedWork":[],"queueLength":0,"runningWork":[],"workRunningCount":0}
[debug] [2025-03-27T11:59:08.087Z] [work-queue] {"queuedWork":["/ijasz-csata/us-central1/api/getClaims/uVOy9ST5IRVloIn0QnaVkTZqnvP2-2025-03-27T11:59:08.087Z"],"queueLength":1,"runningWork":[],"workRunningCount":0}
[debug] [2025-03-27T11:59:08.088Z] [work-queue] {"queuedWork":[],"queueLength":0,"runningWork":["/ijasz-csata/us-central1/api/getClaims/uVOy9ST5IRVloIn0QnaVkTZqnvP2-2025-03-27T11:59:08.087Z"],"workRunningCount":1}
[debug] [2025-03-27T11:59:08.088Z] Accepted request OPTIONS /ijasz-csata/us-central1/api/getClaims/uVOy9ST5IRVloIn0QnaVkTZqnvP2 --> us-central1-api
[debug] [2025-03-27T11:59:08.091Z] [functions] Runtime ready! Sending request! {"metadata":{"emulator":{"name":"functions"},"message":"[functions] Runtime ready! Sending request!"}}
[debug] [2025-03-27T11:59:08.092Z] [functions] Got req.url=/ijasz-csata/us-central1/api/getClaims/uVOy9ST5IRVloIn0QnaVkTZqnvP2, mapping to path=/getClaims/uVOy9ST5IRVloIn0QnaVkTZqnvP2 {"metadata":{"emulator":{"name":"functions"},"message":"[functions] Got req.url=/ijasz-csata/us-central1/api/getClaims/uVOy9ST5IRVloIn0QnaVkTZqnvP2, mapping to path=/getClaims/uVOy9ST5IRVloIn0QnaVkTZqnvP2"}}
[debug] [2025-03-27T11:59:08.092Z] [worker-pool] submitRequest(triggerId=us-central1-api) {"metadata":{"emulator":{"name":"functions"},"message":"[worker-pool] submitRequest(triggerId=us-central1-api)"}}
[info] i  functions: Beginning execution of "us-central1-api" {"metadata":{"emulator":{"name":"functions"},"function":{"name":"us-central1-api"},"extension":{},"message":"Beginning execution of \"us-central1-api\""}}
[debug] [2025-03-27T11:59:08.123Z] [worker-us-central1-api-3136e4fc-655f-4784-ac93-5f3498e53228]: BUSY {"metadata":{"emulator":{"name":"functions"},"function":{"name":"us-central1-api"},"extension":{},"message":"[worker-us-central1-api-3136e4fc-655f-4784-ac93-5f3498e53228]: BUSY"}}
[debug] [2025-03-27T11:59:08.126Z] Finishing up request with event=pause {"metadata":{"emulator":{"name":"functions"},"function":{"name":"us-central1-api"},"extension":{},"message":"Finishing up request with event=pause"}}
[info] i  functions: Finished "us-central1-api" in 4.0529ms {"metadata":{"emulator":{"name":"functions"},"function":{"name":"us-central1-api"},"extension":{},"message":"Finished \"us-central1-api\" in 4.0529ms"}}
[debug] [2025-03-27T11:59:08.128Z] [worker-us-central1-api-3136e4fc-655f-4784-ac93-5f3498e53228]: IDLE {"metadata":{"emulator":{"name":"functions"},"function":{"name":"us-central1-api"},"extension":{},"message":"[worker-us-central1-api-3136e4fc-655f-4784-ac93-5f3498e53228]: IDLE"}}
[debug] [2025-03-27T11:59:08.129Z] Finishing up request with event=finish {"metadata":{"emulator":{"name":"functions"},"function":{"name":"us-central1-api"},"extension":{},"message":"Finishing up request with event=finish"}}
[debug] [2025-03-27T11:59:08.129Z] Finishing up request with event=close {"metadata":{"emulator":{"name":"functions"},"function":{"name":"us-central1-api"},"extension":{},"message":"Finishing up request with event=close"}}
[debug] [2025-03-27T11:59:08.129Z] [work-queue] {"queuedWork":[],"queueLength":0,"runningWork":[],"workRunningCount":0}
[debug] [2025-03-27T11:59:08.130Z] [work-queue] {"queuedWork":["/ijasz-csata/us-central1/api/getClaims/uVOy9ST5IRVloIn0QnaVkTZqnvP2-2025-03-27T11:59:08.130Z"],"queueLength":1,"runningWork":[],"workRunningCount":0}
[debug] [2025-03-27T11:59:08.131Z] [work-queue] {"queuedWork":[],"queueLength":0,"runningWork":["/ijasz-csata/us-central1/api/getClaims/uVOy9ST5IRVloIn0QnaVkTZqnvP2-2025-03-27T11:59:08.130Z"],"workRunningCount":1}
[debug] [2025-03-27T11:59:08.131Z] Accepted request GET /ijasz-csata/us-central1/api/getClaims/uVOy9ST5IRVloIn0QnaVkTZqnvP2 --> us-central1-api
[debug] [2025-03-27T11:59:08.133Z] [functions] Runtime ready! Sending request! {"metadata":{"emulator":{"name":"functions"},"message":"[functions] Runtime ready! Sending request!"}}
[debug] [2025-03-27T11:59:08.134Z] [functions] Got req.url=/ijasz-csata/us-central1/api/getClaims/uVOy9ST5IRVloIn0QnaVkTZqnvP2, mapping to path=/getClaims/uVOy9ST5IRVloIn0QnaVkTZqnvP2 {"metadata":{"emulator":{"name":"functions"},"message":"[functions] Got req.url=/ijasz-csata/us-central1/api/getClaims/uVOy9ST5IRVloIn0QnaVkTZqnvP2, mapping to path=/getClaims/uVOy9ST5IRVloIn0QnaVkTZqnvP2"}}
[debug] [2025-03-27T11:59:08.134Z] [worker-pool] submitRequest(triggerId=us-central1-api) {"metadata":{"emulator":{"name":"functions"},"message":"[worker-pool] submitRequest(triggerId=us-central1-api)"}}
[info] i  functions: Beginning execution of "us-central1-api" {"metadata":{"emulator":{"name":"functions"},"function":{"name":"us-central1-api"},"extension":{},"message":"Beginning execution of \"us-central1-api\""}}
[debug] [2025-03-27T11:59:08.134Z] [worker-us-central1-api-3136e4fc-655f-4784-ac93-5f3498e53228]: BUSY {"metadata":{"emulator":{"name":"functions"},"function":{"name":"us-central1-api"},"extension":{},"message":"[worker-us-central1-api-3136e4fc-655f-4784-ac93-5f3498e53228]: BUSY"}}
[info] >  Hiba a claimsok lekérdezésénél!  FirebaseAppError: Credential implementation provided to initializeApp() via the "credential" property failed to fetch a valid Google OAuth2 access token with the following error: "Error fetching access token: invalid_grant (Invalid JWT Signature.)". There are two likely causes: (1) your server time is not properly synced or (2) your certificate key file has been revoked. To solve (1), re-sync the time on your server. To solve (2), make sure the key ID for your key file is still present at https://console.firebase.google.com/iam-admin/serviceaccounts/project. If not, generate a new key file at https://console.firebase.google.com/project/_/settings/serviceaccounts/adminsdk. {"user":"Hiba a claimsok lekérdezésénél!  FirebaseAppError: Credential implementation provided to initializeApp() via the \"credential\" property failed to fetch a valid Google OAuth2 access token with the following error: \"Error fetching access token: invalid_grant (Invalid JWT Signature.)\". There are two likely causes: (1) your server time is not properly synced or (2) your certificate key file has been revoked. To solve (1), re-sync the time on your server. To solve (2), make sure the key ID for your key file is still present at https://console.firebase.google.com/iam-admin/serviceaccounts/project. If not, generate a new key file at https://console.firebase.google.com/project/_/settings/serviceaccounts/adminsdk.","metadata":{"emulator":{"name":"functions"},"function":{"name":"us-central1-api"},"extension":{},"message":"\u001b[90m> \u001b[39m Hiba a claimsok lekérdezésénél!  FirebaseAppError: Credential implementation provided to initializeApp() via the \"credential\" property failed to fetch a valid Google OAuth2 access token with the following error: \"Error fetching access token: invalid_grant (Invalid JWT Signature.)\". There are two likely causes: (1) your server time is not properly synced or (2) your certificate key file has been revoked. To solve (1), re-sync the time on your server. To solve (2), make sure the key ID for your key file is still present at https://console.firebase.google.com/iam-admin/serviceaccounts/project. If not, generate a new key file at https://console.firebase.google.com/project/_/settings/serviceaccounts/adminsdk."}}
[info] >      at C:\Users\Diak\dev\opa\sajat\Archer\functions\node_modules\firebase-admin\lib\app\firebase-app.js:87:19 {"user":"    at C:\\Users\\Diak\\dev\\opa\\sajat\\Archer\\functions\\node_modules\\firebase-admin\\lib\\app\\firebase-app.js:87:19","metadata":{"emulator":{"name":"functions"},"function":{"name":"us-central1-api"},"extension":{},"message":"\u001b[90m> \u001b[39m     at C:\\Users\\Diak\\dev\\opa\\sajat\\Archer\\functions\\node_modules\\firebase-admin\\lib\\app\\firebase-app.js:87:19"}}
[info] >      at process.processTicksAndRejections (node:internal/process/task_queues:95:5) { {"user":"    at process.processTicksAndRejections (node:internal/process/task_queues:95:5) {","metadata":{"emulator":{"name":"functions"},"function":{"name":"us-central1-api"},"extension":{},"message":"\u001b[90m> \u001b[39m     at process.processTicksAndRejections (node:internal/process/task_queues:95:5) {"}}
[info] >    errorInfo: { {"user":"  errorInfo: {","metadata":{"emulator":{"name":"functions"},"function":{"name":"us-central1-api"},"extension":{},"message":"\u001b[90m> \u001b[39m   errorInfo: {"}}
[info] >      code: 'app/invalid-credential', {"user":"    code: 'app/invalid-credential',","metadata":{"emulator":{"name":"functions"},"function":{"name":"us-central1-api"},"extension":{},"message":"\u001b[90m> \u001b[39m     code: 'app/invalid-credential',"}}
[info] >      message: 'Credential implementation provided to initializeApp() via the "credential" property failed to fetch a valid Google OAuth2 access token with the following error: "Error fetching access token: invalid_grant (Invalid JWT Signature.)". There are two likely causes: (1) your server time is not properly synced or (2) your certificate key file has been revoked. To solve (1), re-sync the time on your server. To solve (2), make sure the key ID for your key file is still present at https://console.firebase.google.com/iam-admin/serviceaccounts/project. If not, generate a new key file at https://console.firebase.google.com/project/_/settings/serviceaccounts/adminsdk.' {"user":"    message: 'Credential implementation provided to initializeApp() via the \"credential\" property failed to fetch a valid Google OAuth2 access token with the following error: \"Error fetching access token: invalid_grant (Invalid JWT Signature.)\". There are two likely causes: (1) your server time is not properly synced or (2) your certificate key file has been revoked. To solve (1), re-sync the time on your server. To solve (2), make sure the key ID for your key file is still present at https://console.firebase.google.com/iam-admin/serviceaccounts/project. If not, generate a new key file at https://console.firebase.google.com/project/_/settings/serviceaccounts/adminsdk.'","metadata":{"emulator":{"name":"functions"},"function":{"name":"us-central1-api"},"extension":{},"message":"\u001b[90m> \u001b[39m     message: 'Credential implementation provided to initializeApp() via the \"credential\" property failed to fetch a valid Google OAuth2 access token with the following error: \"Error fetching access token: invalid_grant (Invalid JWT Signature.)\". There are two likely causes: (1) your server time is not properly synced or (2) your certificate key file has been revoked. To solve (1), re-sync the time on your server. To solve (2), make sure the key ID for your key file is still present at https://console.firebase.google.com/iam-admin/serviceaccounts/project. If not, generate a new key file at https://console.firebase.google.com/project/_/settings/serviceaccounts/adminsdk.'"}}
[info] >    }, {"user":"  },","metadata":{"emulator":{"name":"functions"},"function":{"name":"us-central1-api"},"extension":{},"message":"\u001b[90m> \u001b[39m   },"}}
[info] >    codePrefix: 'app' {"user":"  codePrefix: 'app'","metadata":{"emulator":{"name":"functions"},"function":{"name":"us-central1-api"},"extension":{},"message":"\u001b[90m> \u001b[39m   codePrefix: 'app'"}}
[info] >  } {"user":"}","metadata":{"emulator":{"name":"functions"},"function":{"name":"us-central1-api"},"extension":{},"message":"\u001b[90m> \u001b[39m }"}}
[debug] [2025-03-27T11:59:08.235Z] Finishing up request with event=pause {"metadata":{"emulator":{"name":"functions"},"function":{"name":"us-central1-api"},"extension":{},"message":"Finishing up request with event=pause"}}
[info] i  functions: Finished "us-central1-api" in 101.1625ms {"metadata":{"emulator":{"name":"functions"},"function":{"name":"us-central1-api"},"extension":{},"message":"Finished \"us-central1-api\" in 101.1625ms"}}
[debug] [2025-03-27T11:59:08.239Z] [worker-us-central1-api-3136e4fc-655f-4784-ac93-5f3498e53228]: IDLE {"metadata":{"emulator":{"name":"functions"},"function":{"name":"us-central1-api"},"extension":{},"message":"[worker-us-central1-api-3136e4fc-655f-4784-ac93-5f3498e53228]: IDLE"}}
[debug] [2025-03-27T11:59:08.239Z] Finishing up request with event=finish {"metadata":{"emulator":{"name":"functions"},"function":{"name":"us-central1-api"},"extension":{},"message":"Finishing up request with event=finish"}}
[debug] [2025-03-27T11:59:08.239Z] Finishing up request with event=close {"metadata":{"emulator":{"name":"functions"},"function":{"name":"us-central1-api"},"extension":{},"message":"Finishing up request with event=close"}}
[debug] [2025-03-27T11:59:08.239Z] [work-queue] {"queuedWork":[],"queueLength":0,"runningWork":[],"workRunningCount":0}
